app/build/outputs/mapping/release/seeds.txt
com.raimikarim.additioncalculator.AdditionActivity
com.raimikarim.additioncalculator.AdditionActivity: AdditionActivity()
com.raimikarim.additioncalculator.R$anim: int abc_fade_in
com.raimikarim.additioncalculator.R$anim: int abc_fade_out
com.raimikarim.additioncalculator.R$anim: int abc_grow_fade_in_from_bottom
com.raimikarim.additioncalculator.R$anim: int abc_popup_enter
com.raimikarim.additioncalculator.R$anim: int abc_popup_exit
com.raimikarim.additioncalculator.R$anim: int abc_shrink_fade_out_from_bottom
com.raimikarim.additioncalculator.R$anim: int abc_slide_in_bottom
com.raimikarim.additioncalculator.R$anim: int abc_slide_in_top
com.raimikarim.additioncalculator.R$anim: int abc_slide_out_bottom
com.raimikarim.additioncalculator.R$anim: int abc_slide_out_top
com.raimikarim.additioncalculator.R$anim: int design_bottom_sheet_slide_in
com.raimikarim.additioncalculator.R$anim: int design_bottom_sheet_slide_out
com.raimikarim.additioncalculator.R$anim: int design_snackbar_in
com.raimikarim.additioncalculator.R$anim: int design_snackbar_out
com.raimikarim.additioncalculator.R$anim: int tooltip_enter
com.raimikarim.additioncalculator.R$anim: int tooltip_exit
com.raimikarim.additioncalculator.R$animator: int design_appbar_state_list_animator
com.raimikarim.additioncalculator.R$attr: int actionBarDivider
com.raimikarim.additioncalculator.R$attr: int actionBarItemBackground
com.raimikarim.additioncalculator.R$attr: int actionBarPopupTheme
com.raimikarim.additioncalculator.R$attr: int actionBarSize
com.raimikarim.additioncalculator.R$attr: int actionBarSplitStyle
com.raimikarim.additioncalculator.R$attr: int actionBarStyle
com.raimikarim.additioncalculator.R$attr: int actionBarTabBarStyle
com.raimikarim.additioncalculator.R$attr: int actionBarTabStyle
com.raimikarim.additioncalculator.R$attr: int actionBarTabTextStyle
com.raimikarim.additioncalculator.R$attr: int actionBarTheme
com.raimikarim.additioncalculator.R$attr: int actionBarWidgetTheme
com.raimikarim.additioncalculator.R$attr: int actionButtonStyle
com.raimikarim.additioncalculator.R$attr: int actionDropDownStyle
com.raimikarim.additioncalculator.R$attr: int actionLayout
com.raimikarim.additioncalculator.R$attr: int actionMenuTextAppearance
com.raimikarim.additioncalculator.R$attr: int actionMenuTextColor
com.raimikarim.additioncalculator.R$attr: int actionModeBackground
com.raimikarim.additioncalculator.R$attr: int actionModeCloseButtonStyle
com.raimikarim.additioncalculator.R$attr: int actionModeCloseDrawable
com.raimikarim.additioncalculator.R$attr: int actionModeCopyDrawable
com.raimikarim.additioncalculator.R$attr: int actionModeCutDrawable
com.raimikarim.additioncalculator.R$attr: int actionModeFindDrawable
com.raimikarim.additioncalculator.R$bool: int abc_action_bar_embed_tabs
com.raimikarim.additioncalculator.R$bool: int abc_allow_stacked_button_bar
com.raimikarim.additioncalculator.R$bool: int abc_config_actionMenuItemAllCaps
com.raimikarim.additioncalculator.R$bool: int abc_config_closeDialogWhenTouchOutside
com.raimikarim.additioncalculator.R$bool: int abc_config_showMenuShortcutsWhenKeyboardPresent
...
android.support.v4.media.MediaDescriptionCompat
android.support.v4.media.MediaDescriptionCompat: android.os.Parcelable$Creator CREATOR
android.support.v4.media.MediaMetadataCompat
android.support.v4.media.MediaMetadataCompat: android.os.Parcelable$Creator CREATOR
android.support.v4.media.RatingCompat
android.support.v4.media.RatingCompat: android.os.Parcelable$Creator CREATOR
android.support.v4.media.session.MediaControllerCompat$MediaControllerImplApi21$ExtraBinderRequestResultReceiver
android.support.v4.media.session.MediaSessionCompat$QueueItem
android.support.v4.media.session.MediaSessionCompat$QueueItem: android.os.Parcelable$Creator CREATOR
android.support.v4.media.session.MediaSessionCompat$ResultReceiverWrapper
android.support.v4.media.session.MediaSessionCompat$ResultReceiverWrapper: android.os.Parcelable$Creator CREATOR
android.support.v4.media.session.MediaSessionCompat$Token
android.support.v4.media.session.MediaSessionCompat$Token: android.os.Parcelable$Creator CREATOR
android.support.v4.media.session.ParcelableVolumeInfo
android.support.v4.media.session.ParcelableVolumeInfo: android.os.Parcelable$Creator CREATOR
android.support.v4.media.session.PlaybackStateCompat
android.support.v4.media.session.PlaybackStateCompat: android.os.Parcelable$Creator CREATOR
android.support.v4.media.session.PlaybackStateCompat$CustomAction
android.support.v4.media.session.PlaybackStateCompat$CustomAction: android.os.Parcelable$Creator CREATOR
android.support.v4.os.ResultReceiver: android.os.Parcelable$Creator CREATOR
android.support.v4.view.AbsSavedState: android.os.Parcelable$Creator CREATOR
android.support.v4.view.PagerTabStrip: void setTabIndicatorColor(int)
android.support.v4.view.PagerTabStrip: void setTabIndicatorColorResource(int)
android.support.v4.view.PagerTabStrip: int getTabIndicatorColor()
android.support.v4.view.PagerTabStrip: void setTextSpacing(int)
android.support.v4.view.PagerTabStrip: void setBackgroundDrawable(android.graphics.drawable.Drawable)
android.support.v4.view.PagerTabStrip: void setBackgroundColor(int)
android.support.v4.view.PagerTabStrip: void setBackgroundResource(int)
android.support.v4.view.PagerTabStrip: void setDrawFullUnderline(boolean)
android.support.v4.view.PagerTabStrip: boolean getDrawFullUnderline()
android.support.v4.view.PagerTabStrip: int getMinHeight()
android.support.v4.view.PagerTitleStrip: void setSingleLineAllCaps(android.widget.TextView)
android.support.v4.view.PagerTitleStrip: void setTextSpacing(int)
android.support.v4.view.PagerTitleStrip: int getTextSpacing()
android.support.v4.view.PagerTitleStrip: void setNonPrimaryAlpha(float)
android.support.v4.view.PagerTitleStrip: void setTextColor(int)
android.support.v4.view.PagerTitleStrip: void setGravity(int)
android.support.v4.view.PagerTitleStrip: int getMinHeight()
android.support.v4.view.ViewPager: void setScrollState(int)
android.support.v4.view.ViewPager: void setAdapter(android.support.v4.view.PagerAdapter)
android.support.v4.view.ViewPager: android.support.v4.view.PagerAdapter getAdapter()
android.support.v4.view.ViewPager: int getClientWidth()
android.support.v4.view.ViewPager: void setCurrentItem(int)
android.support.v4.view.ViewPager: int getCurrentItem()
android.support.v4.view.ViewPager: void setOnPageChangeListener(android.support.v4.view.ViewPager$OnPageChangeListener)
android.support.v4.view.ViewPager: int getOffscreenPageLimit()
android.support.v4.view.ViewPager: void setOffscreenPageLimit(int)
android.support.v4.view.ViewPager: void setPageMargin(int)
android.support.v4.view.ViewPager: int getPageMargin()
android.support.v4.view.ViewPager: void setPageMarginDrawable(android.graphics.drawable.Drawable)
android.support.v4.view.ViewPager: void setPageMarginDrawable(int)
android.support.v4.view.ViewPager: void setScrollingCacheEnabled(boolean)
android.support.v4.view.ViewPager$SavedState: android.os.Parcelable$Creator CREATOR