app/build/outputs/mapping/release/mapping.txt
com.raimikarim.additioncalculator.AdditionActivity -> com.raimikarim.additioncalculator.AdditionActivity:
    int adder -> l
    android.widget.TextView sumBox -> m
    android.widget.TextView historyBox -> n
    java.lang.StringBuilder sb -> o
    java.text.DecimalFormat decimalFormat -> p
    android.widget.Button buttonBack -> q
    android.widget.Button button1 -> r
    android.widget.Button button2 -> s
    android.widget.Button button3 -> t
    android.widget.Button button4 -> u
    android.widget.Button button5 -> v
    android.widget.Button button6 -> w
    android.widget.Button button7 -> x
    android.widget.Button button8 -> y
    android.widget.Button button9 -> z
    android.widget.Button button10 -> A
    android.widget.Button button0 -> B
    android.widget.Button buttonSave -> C
    android.widget.Button buttonCsv -> D
    android.widget.Button buttonClear -> E
    android.widget.Button buttonHelp -> F
    java.util.ArrayList numberList -> G
    java.util.ArrayList historyList -> H
    void <init>() -> <init>
    void onCreate(android.os.Bundle) -> onCreate
    void minus10(android.view.View) -> a
    void add10(android.view.View) -> b
    void buttonTextChange(int) -> b
    java.lang.String displaySum(java.util.ArrayList) -> a
    java.lang.String displayHistory(java.util.ArrayList) -> b
    void save() -> k
    void rate() -> l
    void help() -> m
    void access$000(com.raimikarim.additioncalculator.AdditionActivity,android.view.View) -> a
com.raimikarim.additioncalculator.AdditionActivity$1 -> com.raimikarim.additioncalculator.AdditionActivity$1:
    com.raimikarim.additioncalculator.AdditionActivity this$0 -> a
    void <init>(com.raimikarim.additioncalculator.AdditionActivity,android.content.Context) -> <init>
    void onSwipeRight(android.view.View) -> a
    void onSwipeLeft(android.view.View) -> b
    void onClick(android.view.View) -> c
    boolean onLongClick(android.view.View) -> d
com.raimikarim.additioncalculator.AdditionActivity$2 -> com.raimikarim.additioncalculator.AdditionActivity$2:
    com.raimikarim.additioncalculator.AdditionActivity this$0 -> a
    void <init>(com.raimikarim.additioncalculator.AdditionActivity) -> <init>
    void onClick(android.content.DialogInterface,int) -> onClick
com.raimikarim.additioncalculator.AdditionActivity$3 -> com.raimikarim.additioncalculator.AdditionActivity$3:
    com.raimikarim.additioncalculator.AdditionActivity this$0 -> a
    void <init>(com.raimikarim.additioncalculator.AdditionActivity) -> <init>
    void onClick(android.content.DialogInterface,int) -> onClick
com.raimikarim.additioncalculator.OnGestureRegisterListener -> com.raimikarim.additioncalculator.a:
    android.view.GestureDetector gestureDetector -> a
    android.view.View view -> b
    void <init>(android.content.Context) -> <init>
    boolean onTouch(android.view.View,android.view.MotionEvent) -> onTouch
    void onSwipeRight(android.view.View) -> a
    void onSwipeLeft(android.view.View) -> b
    boolean onLongClick(android.view.View) -> d
    void onClick(android.view.View) -> c
    android.view.View access$100(com.raimikarim.additioncalculator.OnGestureRegisterListener) -> a
com.raimikarim.additioncalculator.OnGestureRegisterListener$1 -> com.raimikarim.additioncalculator.a$1:
com.raimikarim.additioncalculator.OnGestureRegisterListener$GestureListener -> com.raimikarim.additioncalculator.a$a:
    com.raimikarim.additioncalculator.OnGestureRegisterListener this$0 -> a
    void <init>(com.raimikarim.additioncalculator.OnGestureRegisterListener) -> <init>
    boolean onDown(android.view.MotionEvent) -> onDown
    void onLongPress(android.view.MotionEvent) -> onLongPress
    boolean onSingleTapUp(android.view.MotionEvent) -> onSingleTapUp
    boolean onFling(android.view.MotionEvent,android.view.MotionEvent,float,float) -> onFling
    void <init>(com.raimikarim.additioncalculator.OnGestureRegisterListener,com.raimikarim.additioncalculator.OnGestureRegisterListener$1) -> <init>
...
com.google.android.gms.common.api.PendingResult -> com.google.android.gms.common.api.g:
    void <init>() -> <init>
com.google.android.gms.common.api.PendingResult$StatusListener -> com.google.android.gms.common.api.g$a:
    void onComplete(com.google.android.gms.common.api.Status) -> a
com.google.android.gms.common.api.Releasable -> com.google.android.gms.common.api.h:
    void release() -> a
com.google.android.gms.common.api.Result -> com.google.android.gms.common.api.i:
    com.google.android.gms.common.api.Status getStatus() -> a
com.google.android.gms.common.api.ResultCallback -> com.google.android.gms.common.api.j:
    void onResult(com.google.android.gms.common.api.Result) -> a
com.google.android.gms.common.api.Scope -> com.google.android.gms.common.api.Scope:
    android.os.Parcelable$Creator CREATOR -> CREATOR
    int zzal -> a
    java.lang.String zzdp -> b
    void <init>(int,java.lang.String) -> <init>
    void <init>(java.lang.String) -> <init>
    java.lang.String getScopeUri() -> a
    boolean equals(java.lang.Object) -> equals
    int hashCode() -> hashCode
    java.lang.String toString() -> toString
    void writeToParcel(android.os.Parcel,int) -> writeToParcel
    void <clinit>() -> <clinit>
com.google.android.gms.common.api.Status -> com.google.android.gms.common.api.Status:
    com.google.android.gms.common.api.Status RESULT_SUCCESS -> a
    com.google.android.gms.common.api.Status RESULT_INTERRUPTED -> b
    com.google.android.gms.common.api.Status RESULT_INTERNAL_ERROR -> c
    com.google.android.gms.common.api.Status RESULT_TIMEOUT -> d
    com.google.android.gms.common.api.Status RESULT_CANCELED -> e
    com.google.android.gms.common.api.Status zzdq -> g
    com.google.android.gms.common.api.Status RESULT_DEAD_CLIENT -> f
    android.os.Parcelable$Creator CREATOR -> CREATOR
    int zzal -> h
    int zzam -> i
    java.lang.String zzao -> j
    android.app.PendingIntent zzan -> k
    void <init>(int,int,java.lang.String,android.app.PendingIntent) -> <init>
    void <init>(int) -> <init>
    void <init>(int,java.lang.String) -> <init>
    java.lang.String getStatusMessage() -> b
    boolean isSuccess() -> c
    int getStatusCode() -> d
    int hashCode() -> hashCode
    boolean equals(java.lang.Object) -> equals
    java.lang.String zzp() -> e
    java.lang.String toString() -> toString
    void writeToParcel(android.os.Parcel,int) -> writeToParcel
    com.google.android.gms.common.api.Status getStatus() -> a
    void <clinit>() -> <clinit>
com.google.android.gms.common.api.UnsupportedApiCallException -> com.google.android.gms.common.api.k:
    com.google.android.gms.common.Feature zzdr -> a
    void <init>(com.google.android.gms.common.Feature) -> <init>
    java.lang.String getMessage() -> getMessage