app/build/outputs/mapping/release/usage.txt
com.raimikarim.additioncalculator.BuildConfig
com.raimikarim.additioncalculator.Manifest
com.raimikarim.additioncalculator.Manifest$permission
com.raimikarim.additioncalculator.OnGestureRegisterListener$GestureListener:
    private static final int SWIPE_THRESHOLD
    private static final int SWIPE_VELOCITY_THRESHOLD
com.raimikarim.additioncalculator.R
com.raimikarim.additioncalculator.R$anim
com.raimikarim.additioncalculator.R$animator
com.raimikarim.additioncalculator.R$attr
com.raimikarim.additioncalculator.R$bool
com.raimikarim.additioncalculator.R$color
com.raimikarim.additioncalculator.R$dimen
com.raimikarim.additioncalculator.R$drawable
com.raimikarim.additioncalculator.R$id
com.raimikarim.additioncalculator.R$integer
com.raimikarim.additioncalculator.R$layout
com.raimikarim.additioncalculator.R$menu
com.raimikarim.additioncalculator.R$mipmap
com.raimikarim.additioncalculator.R$string
com.raimikarim.additioncalculator.R$style
com.raimikarim.additioncalculator.R$styleable
...
android.support.v4.media.MediaBrowserCompat$CallbackHandler
android.support.v4.media.MediaBrowserCompat$ConnectionCallback
android.support.v4.media.MediaBrowserCompat$ConnectionCallback$ConnectionCallbackInternal
android.support.v4.media.MediaBrowserCompat$ConnectionCallback$StubApi21
android.support.v4.media.MediaBrowserCompat$CustomActionCallback:
    903:903:public MediaBrowserCompat$CustomActionCallback()
android.support.v4.media.MediaBrowserCompat$CustomActionResultReceiver:
    2246:2250:MediaBrowserCompat$CustomActionResultReceiver(java.lang.String,android.os.Bundle,android.support.v4.media.MediaBrowserCompat$CustomActionCallback,android.os.Handler)
android.support.v4.media.MediaBrowserCompat$ItemCallback:
    final java.lang.Object mItemCallbackObj
    826:832:public MediaBrowserCompat$ItemCallback()
android.support.v4.media.MediaBrowserCompat$ItemCallback$StubApi23
android.support.v4.media.MediaBrowserCompat$ItemReceiver:
    2179:2182:MediaBrowserCompat$ItemReceiver(java.lang.String,android.support.v4.media.MediaBrowserCompat$ItemCallback,android.os.Handler)
android.support.v4.media.MediaBrowserCompat$MediaBrowserImpl
android.support.v4.media.MediaBrowserCompat$MediaBrowserImplApi21
android.support.v4.media.MediaBrowserCompat$MediaBrowserImplApi21$1
android.support.v4.media.MediaBrowserCompat$MediaBrowserImplApi21$2
android.support.v4.media.MediaBrowserCompat$MediaBrowserImplApi21$3
android.support.v4.media.MediaBrowserCompat$MediaBrowserImplApi21$4
android.support.v4.media.MediaBrowserCompat$MediaBrowserImplApi21$5
android.support.v4.media.MediaBrowserCompat$MediaBrowserImplApi21$6
android.support.v4.media.MediaBrowserCompat$MediaBrowserImplApi21$7
android.support.v4.media.MediaBrowserCompat$MediaBrowserImplApi23
android.support.v4.media.MediaBrowserCompat$MediaBrowserImplApi24
android.support.v4.media.MediaBrowserCompat$MediaBrowserImplBase
android.support.v4.media.MediaBrowserCompat$MediaBrowserImplBase$1
android.support.v4.media.MediaBrowserCompat$MediaBrowserImplBase$2
android.support.v4.media.MediaBrowserCompat$MediaBrowserImplBase$3
android.support.v4.media.MediaBrowserCompat$MediaBrowserImplBase$4
android.support.v4.media.MediaBrowserCompat$MediaBrowserImplBase$5
android.support.v4.media.MediaBrowserCompat$MediaBrowserImplBase$6
android.support.v4.media.MediaBrowserCompat$MediaBrowserImplBase$MediaServiceConnection
android.support.v4.media.MediaBrowserCompat$MediaBrowserImplBase$MediaServiceConnection$1
android.support.v4.media.MediaBrowserCompat$MediaBrowserImplBase$MediaServiceConnection$2
android.support.v4.media.MediaBrowserCompat$MediaBrowserServiceCallbackImpl
android.support.v4.media.MediaBrowserCompat$MediaItem:
    public static final int FLAG_BROWSABLE
    public static final int FLAG_PLAYABLE
    467:474:public static android.support.v4.media.MediaBrowserCompat$MediaItem fromMediaItem(java.lang.Object)
    488:495:public static java.util.List fromMediaItemList(java.util.List)
    504:513:public MediaBrowserCompat$MediaItem(android.support.v4.media.MediaDescriptionCompat,int)
    560:560:public int getFlags()
    568:568:public boolean isBrowsable()
    576:576:public boolean isPlayable()
    583:583:public android.support.v4.media.MediaDescriptionCompat getDescription()
    591:591:public java.lang.String getMediaId()
android.support.v4.media.MediaBrowserCompat$MediaItem$Flags
android.support.v4.media.MediaBrowserCompat$SearchCallback:
    877:877:public MediaBrowserCompat$SearchCallback()
android.support.v4.media.MediaBrowserCompat$SearchResultReceiver:
    2210:2214:MediaBrowserCompat$SearchResultReceiver(java.lang.String,android.os.Bundle,android.support.v4.media.MediaBrowserCompat$SearchCallback,android.os.Handler)
android.support.v4.media.MediaBrowserCompat$ServiceBinderWrapper
android.support.v4.media.MediaBrowserCompat$Subscription
android.support.v4.media.MediaBrowserCompat$SubscriptionCallback
android.support.v4.media.MediaBrowserCompat$SubscriptionCallback$StubApi21